<?xml version="1.0" encoding="utf-8"?>
<PVScan version="5.8.64.700" date="12/6/2024 1:38:07 PM" notes="">
  <SystemIDs SystemID="F96C-DD13-B039-C4AD-6B47-F6ED-559A-D86E">
    <SystemID SystemID="9155158" Description="SFC- UW LOCI" />
  </SystemIDs>
  <PVStateShard>
    <PVStateValue key="activeMode" value="SFC" />
    <PVStateValue key="bitDepth" value="16" />
    <PVStateValue key="dwellTime" value="2" />
    <PVStateValue key="framePeriod" value="0.312" />
    <PVStateValue key="heliosID">
      <IndexedValue index="0" value="01154774" description="Imaging" />
      <IndexedValue index="1" value="09155158" description="Uncaging" />
    </PVStateValue>
    <PVStateValue key="heliosNDFilter">
      <IndexedValue index="0" value="0" description="Open" />
      <IndexedValue index="1" value="1" description="Closed" />
    </PVStateValue>
    <PVStateValue key="interlacedScanTrackCount" value="0" />
    <PVStateValue key="laserPower">
      <IndexedValue index="0" value="0" description="405 nm" />
      <IndexedValue index="1" value="0" description="488 nm" />
      <IndexedValue index="2" value="0" description="561 nm" />
      <IndexedValue index="3" value="0" description="640 nm" />
      <IndexedValue index="4" value="0" description="405 PA " />
      <IndexedValue index="5" value="0" description="488 PA" />
      <IndexedValue index="6" value="0" description="640 PA" />
      <IndexedValue index="7" value="0" description="1LED" />
    </PVStateValue>
    <PVStateValue key="LEDPower">
      <IndexedValue index="0" value="0" description="1LED" />
    </PVStateValue>
    <PVStateValue key="LEDchannelSelected">
      <SubindexedValues index="0">
        <SubindexedValue subindex="0" value="False" />
      </SubindexedValues>
      <SubindexedValues index="1">
        <SubindexedValue subindex="0" value="False" />
      </SubindexedValues>
      <SubindexedValues index="2">
        <SubindexedValue subindex="0" value="False" />
      </SubindexedValues>
      <SubindexedValues index="3">
        <SubindexedValue subindex="0" value="False" />
      </SubindexedValues>
    </PVStateValue>
    <PVStateValue key="linesPerFrame" value="512" />
    <PVStateValue key="maxVoltage">
      <IndexedValue index="XAxis" value="-6.57" />
      <IndexedValue index="YAxis" value="-6.17" />
    </PVStateValue>
    <PVStateValue key="micronsPerPixel">
      <IndexedValue index="XAxis" value="0.26614481409002" />
      <IndexedValue index="YAxis" value="0.26614481409002" />
      <IndexedValue index="ZAxis" value="1" />
    </PVStateValue>
    <PVStateValue key="minVoltage">
      <IndexedValue index="XAxis" value="6.27" />
      <IndexedValue index="YAxis" value="6.67" />
    </PVStateValue>
    <PVStateValue key="objectiveLens" value="PlanApoVC 60x/ 1.40 Oil PFS" />
    <PVStateValue key="objectiveLensMag" value="60" />
    <PVStateValue key="objectiveLensNA" value="1.4" />
    <PVStateValue key="pixelsPerLine" value="512" />
    <PVStateValue key="positionCurrent">
      <SubindexedValues index="XAxis">
        <SubindexedValue subindex="0" value="-20260.3" />
      </SubindexedValues>
      <SubindexedValues index="YAxis">
        <SubindexedValue subindex="0" value="-1696.7" />
      </SubindexedValues>
      <SubindexedValues index="ZAxis">
        <SubindexedValue subindex="0" value="4" />
      </SubindexedValues>
    </PVStateValue>
    <PVStateValue key="rastersPerFrame" value="1" />
    <PVStateValue key="samplesPerPixel" value="1" />
    <PVStateValue key="scanLinePeriod" value="0" />
    <PVStateValue key="sfc_aperture" value="60um pinhole" />
    <PVStateValue key="sfc_binFactor" value="1" />
    <PVStateValue key="sfc_channelLaserSelected">
      <SubindexedValues index="0">
        <SubindexedValue subindex="0" value="False" />
        <SubindexedValue subindex="1" value="False" />
        <SubindexedValue subindex="2" value="True" />
        <SubindexedValue subindex="3" value="False" />
        <SubindexedValue subindex="7" value="False" />
      </SubindexedValues>
      <SubindexedValues index="1">
        <SubindexedValue subindex="0" value="False" />
        <SubindexedValue subindex="1" value="True" />
        <SubindexedValue subindex="2" value="False" />
        <SubindexedValue subindex="3" value="False" />
        <SubindexedValue subindex="7" value="False" />
      </SubindexedValues>
      <SubindexedValues index="2">
        <SubindexedValue subindex="0" value="False" />
        <SubindexedValue subindex="1" value="False" />
        <SubindexedValue subindex="2" value="False" />
        <SubindexedValue subindex="3" value="False" />
        <SubindexedValue subindex="7" value="False" />
      </SubindexedValues>
      <SubindexedValues index="3">
        <SubindexedValue subindex="0" value="False" />
        <SubindexedValue subindex="1" value="False" />
        <SubindexedValue subindex="2" value="False" />
        <SubindexedValue subindex="3" value="False" />
        <SubindexedValue subindex="7" value="False" />
      </SubindexedValues>
    </PVStateValue>
    <PVStateValue key="sfc_channelFilterSelected">
      <IndexedValue index="0" value="600/52" />
      <IndexedValue index="1" value="525/50" />
      <IndexedValue index="2" value="Open" />
      <IndexedValue index="3" value="Open" />
    </PVStateValue>
    <PVStateValue key="sfc_exposureMode" value="Timed" />
    <PVStateValue key="sfc_exposureTime" value="50" />
    <PVStateValue key="sfc_gain">
      <IndexedValue index="0" value="1" description="Camera 1" />
    </PVStateValue>
    <PVStateValue key="sfc_gainMultFactor">
      <IndexedValue index="0" value="463" description="Camera 1" />
    </PVStateValue>
    <PVStateValue key="sfc_galvoMode" value="Normal" />
    <PVStateValue key="sfc_imagingMode" value="Confocal" />
    <PVStateValue key="sfc_piezoHalfPeriod" value="0.156" />
    <PVStateValue key="sfc_readoutPortSetting">
      <IndexedValue index="0" value="0" description="Camera 1: 20 MHz (EM)" />
    </PVStateValue>
    <PVStateValue key="xYStageGridIndex" value="0" />
    <PVStateValue key="xYStageGridXIndex" value="-1" />
    <PVStateValue key="xYStageGridYIndex" value="-1" />
    <PVStateValue key="yAspectExpansion" value="1" />
    <PVStateValue key="zDevice" value="0" />
  </PVStateShard>
  <Sequence type="TSeries ZSeries Element" cycle="1" time="13:38:07.0307586" bidirectionalZ="False" xYStageGridDefined="False" xYStageGridNumXPositions="6" xYStageGridNumYPositions="6" xYStageGridOverlapPercentage="0" xYStageGridXOverlap="0" xYStageGridYOverlap="0">
    <PVStateShard />
    <Frame relativeTime="0" absoluteTime="0.51400000000001" index="1" parameterSet="CurrentSettings">
      <File channel="1" channelName="Ch1" relativeTime="0.312199" absoluteTime="0.826199" page="1" filename="test-t-series-z-stack-001_Cycle00001_Ch1_000001.ome.tif" />
      <File channel="2" channelName="Ch2" relativeTime="0.468299" absoluteTime="0.982299" page="1" filename="test-t-series-z-stack-001_Cycle00001_Ch2_000001.ome.tif" />
      <ExtraParameters lastGoodFrame="0" />
      <PVStateShard>
        <PVStateValue key="framePeriod" value="0.3121992" />
        <PVStateValue key="positionCurrent">
          <SubindexedValues index="XAxis">
            <SubindexedValue subindex="0" value="-20260.3" />
          </SubindexedValues>
          <SubindexedValues index="YAxis">
            <SubindexedValue subindex="0" value="-1696.7" />
          </SubindexedValues>
          <SubindexedValues index="ZAxis">
            <SubindexedValue subindex="0" value="0" />
          </SubindexedValues>
        </PVStateValue>
      </PVStateShard>
    </Frame>
    <Frame relativeTime="0.3121992" absoluteTime="0.82619920000001" index="2" parameterSet="CurrentSettings">
      <File channel="1" channelName="Ch1" relativeTime="0.624398" absoluteTime="1.138398" page="2" filename="test-t-series-z-stack-001_Cycle00001_Ch1_000001.ome.tif" />
      <File channel="2" channelName="Ch2" relativeTime="0.780498" absoluteTime="1.294498" page="2" filename="test-t-series-z-stack-001_Cycle00001_Ch2_000001.ome.tif" />
      <ExtraParameters lastGoodFrame="0" />
      <PVStateShard>
        <PVStateValue key="framePeriod" value="0.3121992" />
        <PVStateValue key="positionCurrent">
          <SubindexedValues index="XAxis">
            <SubindexedValue subindex="0" value="-20260.3" />
          </SubindexedValues>
          <SubindexedValues index="YAxis">
            <SubindexedValue subindex="0" value="-1696.7" />
          </SubindexedValues>
          <SubindexedValues index="ZAxis">
            <SubindexedValue subindex="0" value="1" />
          </SubindexedValues>
        </PVStateValue>
      </PVStateShard>
    </Frame>
    <Frame relativeTime="0.6243984" absoluteTime="1.13839840000001" index="3" parameterSet="CurrentSettings">
      <File channel="1" channelName="Ch1" relativeTime="0.936598" absoluteTime="1.450598" page="3" filename="test-t-series-z-stack-001_Cycle00001_Ch1_000001.ome.tif" />
      <File channel="2" channelName="Ch2" relativeTime="1.092697" absoluteTime="1.606697" page="3" filename="test-t-series-z-stack-001_Cycle00001_Ch2_000001.ome.tif" />
      <ExtraParameters lastGoodFrame="0" />
      <PVStateShard>
        <PVStateValue key="framePeriod" value="0.3121992" />
        <PVStateValue key="positionCurrent">
          <SubindexedValues index="XAxis">
            <SubindexedValue subindex="0" value="-20260.3" />
          </SubindexedValues>
          <SubindexedValues index="YAxis">
            <SubindexedValue subindex="0" value="-1696.7" />
          </SubindexedValues>
          <SubindexedValues index="ZAxis">
            <SubindexedValue subindex="0" value="2" />
          </SubindexedValues>
        </PVStateValue>
      </PVStateShard>
    </Frame>
    <Frame relativeTime="0.9365976" absoluteTime="1.45059760000001" index="4" parameterSet="CurrentSettings">
      <File channel="1" channelName="Ch1" relativeTime="1.248797" absoluteTime="1.762797" page="4" filename="test-t-series-z-stack-001_Cycle00001_Ch1_000001.ome.tif" />
      <File channel="2" channelName="Ch2" relativeTime="1.404896" absoluteTime="1.918896" page="4" filename="test-t-series-z-stack-001_Cycle00001_Ch2_000001.ome.tif" />
      <ExtraParameters lastGoodFrame="0" />
      <PVStateShard>
        <PVStateValue key="framePeriod" value="0.3121992" />
        <PVStateValue key="positionCurrent">
          <SubindexedValues index="XAxis">
            <SubindexedValue subindex="0" value="-20260.3" />
          </SubindexedValues>
          <SubindexedValues index="YAxis">
            <SubindexedValue subindex="0" value="-1696.7" />
          </SubindexedValues>
          <SubindexedValues index="ZAxis">
            <SubindexedValue subindex="0" value="3" />
          </SubindexedValues>
        </PVStateValue>
      </PVStateShard>
    </Frame>
    <Frame relativeTime="1.2487968" absoluteTime="1.76279680000001" index="5" parameterSet="CurrentSettings">
      <File channel="1" channelName="Ch1" relativeTime="1.560996" absoluteTime="2.074996" page="5" filename="test-t-series-z-stack-001_Cycle00001_Ch1_000001.ome.tif" />
      <File channel="2" channelName="Ch2" relativeTime="1.717096" absoluteTime="2.231096" page="5" filename="test-t-series-z-stack-001_Cycle00001_Ch2_000001.ome.tif" />
      <ExtraParameters lastGoodFrame="0" />
      <PVStateShard>
        <PVStateValue key="framePeriod" value="0.3121992" />
      </PVStateShard>
    </Frame>
  </Sequence>
  <Sequence type="TSeries ZSeries Element" cycle="2" time="13:38:09.2374617" bidirectionalZ="False" xYStageGridDefined="False" xYStageGridNumXPositions="6" xYStageGridNumYPositions="6" xYStageGridOverlapPercentage="0" xYStageGridXOverlap="0" xYStageGridYOverlap="0">
    <PVStateShard>
      <PVStateValue key="positionCurrent">
        <SubindexedValues index="XAxis">
          <SubindexedValue subindex="0" value="-20260.3" />
        </SubindexedValues>
        <SubindexedValues index="YAxis">
          <SubindexedValue subindex="0" value="-1696.7" />
        </SubindexedValues>
        <SubindexedValues index="ZAxis">
          <SubindexedValue subindex="0" value="0" />
        </SubindexedValues>
      </PVStateValue>
    </PVStateShard>
    <Frame relativeTime="0" absoluteTime="2.68900000000001" index="1" parameterSet="CurrentSettings">
      <File channel="1" channelName="Ch1" relativeTime="0.312263" absoluteTime="3.001263" page="1" filename="test-t-series-z-stack-001_Cycle00002_Ch1_000001.ome.tif" />
      <File channel="2" channelName="Ch2" relativeTime="0.468394" absoluteTime="3.157394" page="1" filename="test-t-series-z-stack-001_Cycle00002_Ch2_000001.ome.tif" />
      <ExtraParameters lastGoodFrame="0" />
      <PVStateShard>
        <PVStateValue key="framePeriod" value="0.3122626" />
      </PVStateShard>
    </Frame>
    <Frame relativeTime="0.3122626" absoluteTime="3.00126260000001" index="2" parameterSet="CurrentSettings">
      <File channel="1" channelName="Ch1" relativeTime="0.624525" absoluteTime="3.313525" page="2" filename="test-t-series-z-stack-001_Cycle00002_Ch1_000001.ome.tif" />
      <File channel="2" channelName="Ch2" relativeTime="0.780656" absoluteTime="3.469657" page="2" filename="test-t-series-z-stack-001_Cycle00002_Ch2_000001.ome.tif" />
      <ExtraParameters lastGoodFrame="0" />
      <PVStateShard>
        <PVStateValue key="framePeriod" value="0.3122626" />
        <PVStateValue key="positionCurrent">
          <SubindexedValues index="XAxis">
            <SubindexedValue subindex="0" value="-20260.3" />
          </SubindexedValues>
          <SubindexedValues index="YAxis">
            <SubindexedValue subindex="0" value="-1696.7" />
          </SubindexedValues>
          <SubindexedValues index="ZAxis">
            <SubindexedValue subindex="0" value="1" />
          </SubindexedValues>
        </PVStateValue>
      </PVStateShard>
    </Frame>
    <Frame relativeTime="0.6245252" absoluteTime="3.31352520000001" index="3" parameterSet="CurrentSettings">
      <File channel="1" channelName="Ch1" relativeTime="0.936788" absoluteTime="3.625788" page="3" filename="test-t-series-z-stack-001_Cycle00002_Ch1_000001.ome.tif" />
      <File channel="2" channelName="Ch2" relativeTime="1.092919" absoluteTime="3.781919" page="3" filename="test-t-series-z-stack-001_Cycle00002_Ch2_000001.ome.tif" />
      <ExtraParameters lastGoodFrame="0" />
      <PVStateShard>
        <PVStateValue key="framePeriod" value="0.3122626" />
        <PVStateValue key="positionCurrent">
          <SubindexedValues index="XAxis">
            <SubindexedValue subindex="0" value="-20260.3" />
          </SubindexedValues>
          <SubindexedValues index="YAxis">
            <SubindexedValue subindex="0" value="-1696.7" />
          </SubindexedValues>
          <SubindexedValues index="ZAxis">
            <SubindexedValue subindex="0" value="2" />
          </SubindexedValues>
        </PVStateValue>
      </PVStateShard>
    </Frame>
    <Frame relativeTime="0.9367878" absoluteTime="3.62578780000001" index="4" parameterSet="CurrentSettings">
      <File channel="1" channelName="Ch1" relativeTime="1.24905" absoluteTime="3.93805" page="4" filename="test-t-series-z-stack-001_Cycle00002_Ch1_000001.ome.tif" />
      <File channel="2" channelName="Ch2" relativeTime="1.405182" absoluteTime="4.094182" page="4" filename="test-t-series-z-stack-001_Cycle00002_Ch2_000001.ome.tif" />
      <ExtraParameters lastGoodFrame="0" />
      <PVStateShard>
        <PVStateValue key="framePeriod" value="0.3122626" />
        <PVStateValue key="positionCurrent">
          <SubindexedValues index="XAxis">
            <SubindexedValue subindex="0" value="-20260.3" />
          </SubindexedValues>
          <SubindexedValues index="YAxis">
            <SubindexedValue subindex="0" value="-1696.7" />
          </SubindexedValues>
          <SubindexedValues index="ZAxis">
            <SubindexedValue subindex="0" value="3" />
          </SubindexedValues>
        </PVStateValue>
      </PVStateShard>
    </Frame>
    <Frame relativeTime="1.2490504" absoluteTime="3.93805040000001" index="5" parameterSet="CurrentSettings">
      <File channel="1" channelName="Ch1" relativeTime="1.561313" absoluteTime="4.250313" page="5" filename="test-t-series-z-stack-001_Cycle00002_Ch1_000001.ome.tif" />
      <File channel="2" channelName="Ch2" relativeTime="1.717444" absoluteTime="4.406444" page="5" filename="test-t-series-z-stack-001_Cycle00002_Ch2_000001.ome.tif" />
      <ExtraParameters lastGoodFrame="0" />
      <PVStateShard>
        <PVStateValue key="framePeriod" value="0.3122626" />
        <PVStateValue key="positionCurrent">
          <SubindexedValues index="XAxis">
            <SubindexedValue subindex="0" value="-20260.3" />
          </SubindexedValues>
          <SubindexedValues index="YAxis">
            <SubindexedValue subindex="0" value="-1696.7" />
          </SubindexedValues>
          <SubindexedValues index="ZAxis">
            <SubindexedValue subindex="0" value="4" />
          </SubindexedValues>
        </PVStateValue>
      </PVStateShard>
    </Frame>
  </Sequence>
  <Sequence type="TSeries ZSeries Element" cycle="3" time="13:38:11.4441649" bidirectionalZ="False" xYStageGridDefined="False" xYStageGridNumXPositions="6" xYStageGridNumYPositions="6" xYStageGridOverlapPercentage="0" xYStageGridXOverlap="0" xYStageGridYOverlap="0">
    <PVStateShard>
      <PVStateValue key="positionCurrent">
        <SubindexedValues index="XAxis">
          <SubindexedValue subindex="0" value="-20260.3" />
        </SubindexedValues>
        <SubindexedValues index="YAxis">
          <SubindexedValue subindex="0" value="-1696.7" />
        </SubindexedValues>
        <SubindexedValues index="ZAxis">
          <SubindexedValue subindex="0" value="0" />
        </SubindexedValues>
      </PVStateValue>
    </PVStateShard>
    <Frame relativeTime="0" absoluteTime="4.80500000000001" index="1" parameterSet="CurrentSettings">
      <File channel="1" channelName="Ch1" relativeTime="0.312232" absoluteTime="5.117232" page="1" filename="test-t-series-z-stack-001_Cycle00003_Ch1_000001.ome.tif" />
      <File channel="2" channelName="Ch2" relativeTime="0.468347" absoluteTime="5.273347" page="1" filename="test-t-series-z-stack-001_Cycle00003_Ch2_000001.ome.tif" />
      <ExtraParameters lastGoodFrame="0" />
      <PVStateShard>
        <PVStateValue key="framePeriod" value="0.3122316" />
      </PVStateShard>
    </Frame>
    <Frame relativeTime="0.3122316" absoluteTime="5.11723160000001" index="2" parameterSet="CurrentSettings">
      <File channel="1" channelName="Ch1" relativeTime="0.624463" absoluteTime="5.429463" page="2" filename="test-t-series-z-stack-001_Cycle00003_Ch1_000001.ome.tif" />
      <File channel="2" channelName="Ch2" relativeTime="0.780579" absoluteTime="5.585579" page="2" filename="test-t-series-z-stack-001_Cycle00003_Ch2_000001.ome.tif" />
      <ExtraParameters lastGoodFrame="0" />
      <PVStateShard>
        <PVStateValue key="framePeriod" value="0.3122316" />
        <PVStateValue key="positionCurrent">
          <SubindexedValues index="XAxis">
            <SubindexedValue subindex="0" value="-20260.3" />
          </SubindexedValues>
          <SubindexedValues index="YAxis">
            <SubindexedValue subindex="0" value="-1696.7" />
          </SubindexedValues>
          <SubindexedValues index="ZAxis">
            <SubindexedValue subindex="0" value="1" />
          </SubindexedValues>
        </PVStateValue>
      </PVStateShard>
    </Frame>
    <Frame relativeTime="0.6244632" absoluteTime="5.42946320000001" index="3" parameterSet="CurrentSettings">
      <File channel="1" channelName="Ch1" relativeTime="0.936695" absoluteTime="5.741695" page="3" filename="test-t-series-z-stack-001_Cycle00003_Ch1_000001.ome.tif" />
      <File channel="2" channelName="Ch2" relativeTime="1.092811" absoluteTime="5.897811" page="3" filename="test-t-series-z-stack-001_Cycle00003_Ch2_000001.ome.tif" />
      <ExtraParameters lastGoodFrame="0" />
      <PVStateShard>
        <PVStateValue key="framePeriod" value="0.3122316" />
        <PVStateValue key="positionCurrent">
          <SubindexedValues index="XAxis">
            <SubindexedValue subindex="0" value="-20260.3" />
          </SubindexedValues>
          <SubindexedValues index="YAxis">
            <SubindexedValue subindex="0" value="-1696.7" />
          </SubindexedValues>
          <SubindexedValues index="ZAxis">
            <SubindexedValue subindex="0" value="2" />
          </SubindexedValues>
        </PVStateValue>
      </PVStateShard>
    </Frame>
    <Frame relativeTime="0.9366948" absoluteTime="5.74169480000001" index="4" parameterSet="CurrentSettings">
      <File channel="1" channelName="Ch1" relativeTime="1.248926" absoluteTime="6.053926" page="4" filename="test-t-series-z-stack-001_Cycle00003_Ch1_000001.ome.tif" />
      <File channel="2" channelName="Ch2" relativeTime="1.405042" absoluteTime="6.210042" page="4" filename="test-t-series-z-stack-001_Cycle00003_Ch2_000001.ome.tif" />
      <ExtraParameters lastGoodFrame="0" />
      <PVStateShard>
        <PVStateValue key="framePeriod" value="0.3122316" />
        <PVStateValue key="positionCurrent">
          <SubindexedValues index="XAxis">
            <SubindexedValue subindex="0" value="-20260.3" />
          </SubindexedValues>
          <SubindexedValues index="YAxis">
            <SubindexedValue subindex="0" value="-1696.7" />
          </SubindexedValues>
          <SubindexedValues index="ZAxis">
            <SubindexedValue subindex="0" value="3" />
          </SubindexedValues>
        </PVStateValue>
      </PVStateShard>
    </Frame>
    <Frame relativeTime="1.2489264" absoluteTime="6.05392640000001" index="5" parameterSet="CurrentSettings">
      <File channel="1" channelName="Ch1" relativeTime="1.561158" absoluteTime="6.366158" page="5" filename="test-t-series-z-stack-001_Cycle00003_Ch1_000001.ome.tif" />
      <File channel="2" channelName="Ch2" relativeTime="1.717274" absoluteTime="6.522274" page="5" filename="test-t-series-z-stack-001_Cycle00003_Ch2_000001.ome.tif" />
      <ExtraParameters lastGoodFrame="0" />
      <PVStateShard>
        <PVStateValue key="framePeriod" value="0.3122316" />
        <PVStateValue key="positionCurrent">
          <SubindexedValues index="XAxis">
            <SubindexedValue subindex="0" value="-20260.3" />
          </SubindexedValues>
          <SubindexedValues index="YAxis">
            <SubindexedValue subindex="0" value="-1696.7" />
          </SubindexedValues>
          <SubindexedValues index="ZAxis">
            <SubindexedValue subindex="0" value="4" />
          </SubindexedValues>
        </PVStateValue>
      </PVStateShard>
    </Frame>
  </Sequence>
  <Sequence type="TSeries ZSeries Element" cycle="4" time="13:38:13.5501803" bidirectionalZ="False" xYStageGridDefined="False" xYStageGridNumXPositions="6" xYStageGridNumYPositions="6" xYStageGridOverlapPercentage="0" xYStageGridXOverlap="0" xYStageGridYOverlap="0">
    <PVStateShard>
      <PVStateValue key="positionCurrent">
        <SubindexedValues index="XAxis">
          <SubindexedValue subindex="0" value="-20260.3" />
        </SubindexedValues>
        <SubindexedValues index="YAxis">
          <SubindexedValue subindex="0" value="-1696.7" />
        </SubindexedValues>
        <SubindexedValues index="ZAxis">
          <SubindexedValue subindex="0" value="0" />
        </SubindexedValues>
      </PVStateValue>
    </PVStateShard>
    <Frame relativeTime="0" absoluteTime="6.97800000000001" index="1" parameterSet="CurrentSettings">
      <File channel="1" channelName="Ch1" relativeTime="0.312263" absoluteTime="7.290263" page="1" filename="test-t-series-z-stack-001_Cycle00004_Ch1_000001.ome.tif" />
      <File channel="2" channelName="Ch2" relativeTime="0.468395" absoluteTime="7.446395" page="1" filename="test-t-series-z-stack-001_Cycle00004_Ch2_000001.ome.tif" />
      <ExtraParameters lastGoodFrame="0" />
      <PVStateShard>
        <PVStateValue key="framePeriod" value="0.3122634" />
      </PVStateShard>
    </Frame>
    <Frame relativeTime="0.3122634" absoluteTime="7.29026340000001" index="2" parameterSet="CurrentSettings">
      <File channel="1" channelName="Ch1" relativeTime="0.624527" absoluteTime="7.602527" page="2" filename="test-t-series-z-stack-001_Cycle00004_Ch1_000001.ome.tif" />
      <File channel="2" channelName="Ch2" relativeTime="0.780658" absoluteTime="7.758659" page="2" filename="test-t-series-z-stack-001_Cycle00004_Ch2_000001.ome.tif" />
      <ExtraParameters lastGoodFrame="0" />
      <PVStateShard>
        <PVStateValue key="framePeriod" value="0.3122634" />
        <PVStateValue key="positionCurrent">
          <SubindexedValues index="XAxis">
            <SubindexedValue subindex="0" value="-20260.3" />
          </SubindexedValues>
          <SubindexedValues index="YAxis">
            <SubindexedValue subindex="0" value="-1696.7" />
          </SubindexedValues>
          <SubindexedValues index="ZAxis">
            <SubindexedValue subindex="0" value="1" />
          </SubindexedValues>
        </PVStateValue>
      </PVStateShard>
    </Frame>
    <Frame relativeTime="0.6245268" absoluteTime="7.60252680000001" index="3" parameterSet="CurrentSettings">
      <File channel="1" channelName="Ch1" relativeTime="0.93679" absoluteTime="7.91479" page="3" filename="test-t-series-z-stack-001_Cycle00004_Ch1_000001.ome.tif" />
      <File channel="2" channelName="Ch2" relativeTime="1.092922" absoluteTime="8.070922" page="3" filename="test-t-series-z-stack-001_Cycle00004_Ch2_000001.ome.tif" />
      <ExtraParameters lastGoodFrame="0" />
      <PVStateShard>
        <PVStateValue key="framePeriod" value="0.3122634" />
        <PVStateValue key="positionCurrent">
          <SubindexedValues index="XAxis">
            <SubindexedValue subindex="0" value="-20260.3" />
          </SubindexedValues>
          <SubindexedValues index="YAxis">
            <SubindexedValue subindex="0" value="-1696.7" />
          </SubindexedValues>
          <SubindexedValues index="ZAxis">
            <SubindexedValue subindex="0" value="2" />
          </SubindexedValues>
        </PVStateValue>
      </PVStateShard>
    </Frame>
    <Frame relativeTime="0.9367902" absoluteTime="7.91479020000001" index="4" parameterSet="CurrentSettings">
      <File channel="1" channelName="Ch1" relativeTime="1.249054" absoluteTime="8.227054" page="4" filename="test-t-series-z-stack-001_Cycle00004_Ch1_000001.ome.tif" />
      <File channel="2" channelName="Ch2" relativeTime="1.405185" absoluteTime="8.383185" page="4" filename="test-t-series-z-stack-001_Cycle00004_Ch2_000001.ome.tif" />
      <ExtraParameters lastGoodFrame="0" />
      <PVStateShard>
        <PVStateValue key="framePeriod" value="0.3122634" />
        <PVStateValue key="positionCurrent">
          <SubindexedValues index="XAxis">
            <SubindexedValue subindex="0" value="-20260.3" />
          </SubindexedValues>
          <SubindexedValues index="YAxis">
            <SubindexedValue subindex="0" value="-1696.7" />
          </SubindexedValues>
          <SubindexedValues index="ZAxis">
            <SubindexedValue subindex="0" value="3" />
          </SubindexedValues>
        </PVStateValue>
      </PVStateShard>
    </Frame>
    <Frame relativeTime="1.2490536" absoluteTime="8.22705360000001" index="5" parameterSet="CurrentSettings">
      <File channel="1" channelName="Ch1" relativeTime="1.561317" absoluteTime="8.539317" page="5" filename="test-t-series-z-stack-001_Cycle00004_Ch1_000001.ome.tif" />
      <File channel="2" channelName="Ch2" relativeTime="1.717449" absoluteTime="8.695449" page="5" filename="test-t-series-z-stack-001_Cycle00004_Ch2_000001.ome.tif" />
      <ExtraParameters lastGoodFrame="0" />
      <PVStateShard>
        <PVStateValue key="framePeriod" value="0.3122634" />
        <PVStateValue key="positionCurrent">
          <SubindexedValues index="XAxis">
            <SubindexedValue subindex="0" value="-20260.3" />
          </SubindexedValues>
          <SubindexedValues index="YAxis">
            <SubindexedValue subindex="0" value="-1696.7" />
          </SubindexedValues>
          <SubindexedValues index="ZAxis">
            <SubindexedValue subindex="0" value="4" />
          </SubindexedValues>
        </PVStateValue>
      </PVStateShard>
    </Frame>
  </Sequence>
  <Sequence type="TSeries ZSeries Element" cycle="5" time="13:38:15.7573791" bidirectionalZ="False" xYStageGridDefined="False" xYStageGridNumXPositions="6" xYStageGridNumYPositions="6" xYStageGridOverlapPercentage="0" xYStageGridXOverlap="0" xYStageGridYOverlap="0">
    <PVStateShard>
      <PVStateValue key="positionCurrent">
        <SubindexedValues index="XAxis">
          <SubindexedValue subindex="0" value="-20260.3" />
        </SubindexedValues>
        <SubindexedValues index="YAxis">
          <SubindexedValue subindex="0" value="-1696.7" />
        </SubindexedValues>
        <SubindexedValues index="ZAxis">
          <SubindexedValue subindex="0" value="0" />
        </SubindexedValues>
      </PVStateValue>
    </PVStateShard>
    <Frame relativeTime="0" absoluteTime="9.19" index="1" parameterSet="CurrentSettings">
      <File channel="1" channelName="Ch1" relativeTime="0.312263" absoluteTime="9.502263" page="1" filename="test-t-series-z-stack-001_Cycle00005_Ch1_000001.ome.tif" />
      <File channel="2" channelName="Ch2" relativeTime="0.468395" absoluteTime="9.658395" page="1" filename="test-t-series-z-stack-001_Cycle00005_Ch2_000001.ome.tif" />
      <ExtraParameters lastGoodFrame="0" />
      <PVStateShard>
        <PVStateValue key="framePeriod" value="0.3122632" />
      </PVStateShard>
    </Frame>
    <Frame relativeTime="0.3122632" absoluteTime="9.5022632" index="2" parameterSet="CurrentSettings">
      <File channel="1" channelName="Ch1" relativeTime="0.624526" absoluteTime="9.814526" page="2" filename="test-t-series-z-stack-001_Cycle00005_Ch1_000001.ome.tif" />
      <File channel="2" channelName="Ch2" relativeTime="0.780658" absoluteTime="9.970658" page="2" filename="test-t-series-z-stack-001_Cycle00005_Ch2_000001.ome.tif" />
      <ExtraParameters lastGoodFrame="0" />
      <PVStateShard>
        <PVStateValue key="framePeriod" value="0.3122632" />
        <PVStateValue key="positionCurrent">
          <SubindexedValues index="XAxis">
            <SubindexedValue subindex="0" value="-20260.3" />
          </SubindexedValues>
          <SubindexedValues index="YAxis">
            <SubindexedValue subindex="0" value="-1696.7" />
          </SubindexedValues>
          <SubindexedValues index="ZAxis">
            <SubindexedValue subindex="0" value="1" />
          </SubindexedValues>
        </PVStateValue>
      </PVStateShard>
    </Frame>
    <Frame relativeTime="0.6245264" absoluteTime="9.8145264" index="3" parameterSet="CurrentSettings">
      <File channel="1" channelName="Ch1" relativeTime="0.93679" absoluteTime="10.12679" page="3" filename="test-t-series-z-stack-001_Cycle00005_Ch1_000001.ome.tif" />
      <File channel="2" channelName="Ch2" relativeTime="1.092921" absoluteTime="10.282921" page="3" filename="test-t-series-z-stack-001_Cycle00005_Ch2_000001.ome.tif" />
      <ExtraParameters lastGoodFrame="0" />
      <PVStateShard>
        <PVStateValue key="framePeriod" value="0.3122632" />
        <PVStateValue key="positionCurrent">
          <SubindexedValues index="XAxis">
            <SubindexedValue subindex="0" value="-20260.3" />
          </SubindexedValues>
          <SubindexedValues index="YAxis">
            <SubindexedValue subindex="0" value="-1696.7" />
          </SubindexedValues>
          <SubindexedValues index="ZAxis">
            <SubindexedValue subindex="0" value="2" />
          </SubindexedValues>
        </PVStateValue>
      </PVStateShard>
    </Frame>
    <Frame relativeTime="0.9367896" absoluteTime="10.1267896" index="4" parameterSet="CurrentSettings">
      <File channel="1" channelName="Ch1" relativeTime="1.249053" absoluteTime="10.439053" page="4" filename="test-t-series-z-stack-001_Cycle00005_Ch1_000001.ome.tif" />
      <File channel="2" channelName="Ch2" relativeTime="1.405184" absoluteTime="10.595184" page="4" filename="test-t-series-z-stack-001_Cycle00005_Ch2_000001.ome.tif" />
      <ExtraParameters lastGoodFrame="0" />
      <PVStateShard>
        <PVStateValue key="framePeriod" value="0.3122632" />
        <PVStateValue key="positionCurrent">
          <SubindexedValues index="XAxis">
            <SubindexedValue subindex="0" value="-20260.3" />
          </SubindexedValues>
          <SubindexedValues index="YAxis">
            <SubindexedValue subindex="0" value="-1696.7" />
          </SubindexedValues>
          <SubindexedValues index="ZAxis">
            <SubindexedValue subindex="0" value="3" />
          </SubindexedValues>
        </PVStateValue>
      </PVStateShard>
    </Frame>
    <Frame relativeTime="1.2490528" absoluteTime="10.4390528" index="5" parameterSet="CurrentSettings">
      <File channel="1" channelName="Ch1" relativeTime="1.561316" absoluteTime="10.751316" page="5" filename="test-t-series-z-stack-001_Cycle00005_Ch1_000001.ome.tif" />
      <File channel="2" channelName="Ch2" relativeTime="1.717448" absoluteTime="10.907448" page="5" filename="test-t-series-z-stack-001_Cycle00005_Ch2_000001.ome.tif" />
      <ExtraParameters lastGoodFrame="0" />
      <PVStateShard>
        <PVStateValue key="framePeriod" value="0.3122632" />
        <PVStateValue key="positionCurrent">
          <SubindexedValues index="XAxis">
            <SubindexedValue subindex="0" value="-20260.3" />
          </SubindexedValues>
          <SubindexedValues index="YAxis">
            <SubindexedValue subindex="0" value="-1696.7" />
          </SubindexedValues>
          <SubindexedValues index="ZAxis">
            <SubindexedValue subindex="0" value="4" />
          </SubindexedValues>
        </PVStateValue>
      </PVStateShard>
    </Frame>
  </Sequence>
</PVScan>