<?xml version="1.0" encoding="utf-8"?>
<PVScan version="5.8.64.700" date="12/6/2024 1:39:30 PM" notes="">
  <SystemIDs SystemID="F96C-DD13-B039-C4AD-6B47-F6ED-559A-D86E">
    <SystemID SystemID="9155158" Description="SFC- UW LOCI" />
  </SystemIDs>
  <PVStateShard>
    <PVStateValue key="activeMode" value="SFC" />
    <PVStateValue key="bitDepth" value="16" />
    <PVStateValue key="dwellTime" value="2" />
    <PVStateValue key="framePeriod" value="0.312" />
    <PVStateValue key="heliosID">
      <IndexedValue index="0" value="01154774" description="Imaging" />
      <IndexedValue index="1" value="09155158" description="Uncaging" />
    </PVStateValue>
    <PVStateValue key="heliosNDFilter">
      <IndexedValue index="0" value="0" description="Open" />
      <IndexedValue index="1" value="1" description="Closed" />
    </PVStateValue>
    <PVStateValue key="interlacedScanTrackCount" value="0" />
    <PVStateValue key="laserPower">
      <IndexedValue index="0" value="0" description="405 nm" />
      <IndexedValue index="1" value="0" description="488 nm" />
      <IndexedValue index="2" value="0" description="561 nm" />
      <IndexedValue index="3" value="0" description="640 nm" />
      <IndexedValue index="4" value="0" description="405 PA " />
      <IndexedValue index="5" value="0" description="488 PA" />
      <IndexedValue index="6" value="0" description="640 PA" />
      <IndexedValue index="7" value="0" description="1LED" />
    </PVStateValue>
    <PVStateValue key="LEDPower">
      <IndexedValue index="0" value="0" description="1LED" />
    </PVStateValue>
    <PVStateValue key="LEDchannelSelected">
      <SubindexedValues index="0">
        <SubindexedValue subindex="0" value="False" />
      </SubindexedValues>
      <SubindexedValues index="1">
        <SubindexedValue subindex="0" value="False" />
      </SubindexedValues>
      <SubindexedValues index="2">
        <SubindexedValue subindex="0" value="False" />
      </SubindexedValues>
      <SubindexedValues index="3">
        <SubindexedValue subindex="0" value="False" />
      </SubindexedValues>
    </PVStateValue>
    <PVStateValue key="linesPerFrame" value="512" />
    <PVStateValue key="maxVoltage">
      <IndexedValue index="XAxis" value="-6.57" />
      <IndexedValue index="YAxis" value="-6.17" />
    </PVStateValue>
    <PVStateValue key="micronsPerPixel">
      <IndexedValue index="XAxis" value="0.26614481409002" />
      <IndexedValue index="YAxis" value="0.26614481409002" />
      <IndexedValue index="ZAxis" value="1" />
    </PVStateValue>
    <PVStateValue key="minVoltage">
      <IndexedValue index="XAxis" value="6.27" />
      <IndexedValue index="YAxis" value="6.67" />
    </PVStateValue>
    <PVStateValue key="objectiveLens" value="PlanApoVC 60x/ 1.40 Oil PFS" />
    <PVStateValue key="objectiveLensMag" value="60" />
    <PVStateValue key="objectiveLensNA" value="1.4" />
    <PVStateValue key="pixelsPerLine" value="512" />
    <PVStateValue key="positionCurrent">
      <SubindexedValues index="XAxis">
        <SubindexedValue subindex="0" value="-20260.3" />
      </SubindexedValues>
      <SubindexedValues index="YAxis">
        <SubindexedValue subindex="0" value="-1696.7" />
      </SubindexedValues>
      <SubindexedValues index="ZAxis">
        <SubindexedValue subindex="0" value="13" />
      </SubindexedValues>
    </PVStateValue>
    <PVStateValue key="rastersPerFrame" value="1" />
    <PVStateValue key="samplesPerPixel" value="1" />
    <PVStateValue key="scanLinePeriod" value="0" />
    <PVStateValue key="sfc_aperture" value="60um pinhole" />
    <PVStateValue key="sfc_binFactor" value="1" />
    <PVStateValue key="sfc_channelLaserSelected">
      <SubindexedValues index="0">
        <SubindexedValue subindex="0" value="False" />
        <SubindexedValue subindex="1" value="False" />
        <SubindexedValue subindex="2" value="True" />
        <SubindexedValue subindex="3" value="False" />
        <SubindexedValue subindex="7" value="False" />
      </SubindexedValues>
      <SubindexedValues index="1">
        <SubindexedValue subindex="0" value="False" />
        <SubindexedValue subindex="1" value="True" />
        <SubindexedValue subindex="2" value="False" />
        <SubindexedValue subindex="3" value="False" />
        <SubindexedValue subindex="7" value="False" />
      </SubindexedValues>
      <SubindexedValues index="2">
        <SubindexedValue subindex="0" value="False" />
        <SubindexedValue subindex="1" value="False" />
        <SubindexedValue subindex="2" value="False" />
        <SubindexedValue subindex="3" value="False" />
        <SubindexedValue subindex="7" value="False" />
      </SubindexedValues>
      <SubindexedValues index="3">
        <SubindexedValue subindex="0" value="False" />
        <SubindexedValue subindex="1" value="False" />
        <SubindexedValue subindex="2" value="False" />
        <SubindexedValue subindex="3" value="False" />
        <SubindexedValue subindex="7" value="False" />
      </SubindexedValues>
    </PVStateValue>
    <PVStateValue key="sfc_channelFilterSelected">
      <IndexedValue index="0" value="600/52" />
      <IndexedValue index="1" value="525/50" />
      <IndexedValue index="2" value="Open" />
      <IndexedValue index="3" value="Open" />
    </PVStateValue>
    <PVStateValue key="sfc_exposureMode" value="Timed" />
    <PVStateValue key="sfc_exposureTime" value="50" />
    <PVStateValue key="sfc_gain">
      <IndexedValue index="0" value="1" description="Camera 1" />
    </PVStateValue>
    <PVStateValue key="sfc_gainMultFactor">
      <IndexedValue index="0" value="463" description="Camera 1" />
    </PVStateValue>
    <PVStateValue key="sfc_galvoMode" value="Normal" />
    <PVStateValue key="sfc_imagingMode" value="Confocal" />
    <PVStateValue key="sfc_piezoHalfPeriod" value="0.156" />
    <PVStateValue key="sfc_readoutPortSetting">
      <IndexedValue index="0" value="0" description="Camera 1: 20 MHz (EM)" />
    </PVStateValue>
    <PVStateValue key="xYStageGridIndex" value="0" />
    <PVStateValue key="xYStageGridXIndex" value="-1" />
    <PVStateValue key="xYStageGridYIndex" value="-1" />
    <PVStateValue key="yAspectExpansion" value="1" />
    <PVStateValue key="zDevice" value="0" />
  </PVStateShard>
  <Sequence type="TSeries ZSeries Element" cycle="1" time="13:39:30.8016547" bidirectionalZ="False" xYStageGridDefined="False" xYStageGridNumXPositions="6" xYStageGridNumYPositions="6" xYStageGridOverlapPercentage="0" xYStageGridXOverlap="0" xYStageGridYOverlap="0">
    <PVStateShard />
    <Frame relativeTime="0" absoluteTime="0.489999999999981" index="1" parameterSet="CurrentSettings">
      <File channel="1" channelName="Ch1" relativeTime="0.312229" absoluteTime="0.802229" page="1" filename="test-single image-z-stack-001_Cycle00001_Ch1_000001.ome.tif" />
      <File channel="2" channelName="Ch2" relativeTime="0.468344" absoluteTime="0.958344" page="1" filename="test-single image-z-stack-001_Cycle00001_Ch2_000001.ome.tif" />
      <ExtraParameters lastGoodFrame="0" />
      <PVStateShard>
        <PVStateValue key="framePeriod" value="0.3122294" />
        <PVStateValue key="positionCurrent">
          <SubindexedValues index="XAxis">
            <SubindexedValue subindex="0" value="-20260.3" />
          </SubindexedValues>
          <SubindexedValues index="YAxis">
            <SubindexedValue subindex="0" value="-1696.7" />
          </SubindexedValues>
          <SubindexedValues index="ZAxis">
            <SubindexedValue subindex="0" value="-2" />
          </SubindexedValues>
        </PVStateValue>
      </PVStateShard>
    </Frame>
    <Frame relativeTime="0.3122294" absoluteTime="0.802229399999981" index="2" parameterSet="CurrentSettings">
      <File channel="1" channelName="Ch1" relativeTime="0.624459" absoluteTime="1.114459" page="2" filename="test-single image-z-stack-001_Cycle00001_Ch1_000001.ome.tif" />
      <File channel="2" channelName="Ch2" relativeTime="0.780574" absoluteTime="1.270573" page="2" filename="test-single image-z-stack-001_Cycle00001_Ch2_000001.ome.tif" />
      <ExtraParameters lastGoodFrame="0" />
      <PVStateShard>
        <PVStateValue key="framePeriod" value="0.3122294" />
        <PVStateValue key="positionCurrent">
          <SubindexedValues index="XAxis">
            <SubindexedValue subindex="0" value="-20260.3" />
          </SubindexedValues>
          <SubindexedValues index="YAxis">
            <SubindexedValue subindex="0" value="-1696.7" />
          </SubindexedValues>
          <SubindexedValues index="ZAxis">
            <SubindexedValue subindex="0" value="-1" />
          </SubindexedValues>
        </PVStateValue>
      </PVStateShard>
    </Frame>
    <Frame relativeTime="0.6244588" absoluteTime="1.11445879999998" index="3" parameterSet="CurrentSettings">
      <File channel="1" channelName="Ch1" relativeTime="0.936688" absoluteTime="1.426688" page="3" filename="test-single image-z-stack-001_Cycle00001_Ch1_000001.ome.tif" />
      <File channel="2" channelName="Ch2" relativeTime="1.092803" absoluteTime="1.582803" page="3" filename="test-single image-z-stack-001_Cycle00001_Ch2_000001.ome.tif" />
      <ExtraParameters lastGoodFrame="0" />
      <PVStateShard>
        <PVStateValue key="framePeriod" value="0.3122294" />
        <PVStateValue key="positionCurrent">
          <SubindexedValues index="XAxis">
            <SubindexedValue subindex="0" value="-20260.3" />
          </SubindexedValues>
          <SubindexedValues index="YAxis">
            <SubindexedValue subindex="0" value="-1696.7" />
          </SubindexedValues>
          <SubindexedValues index="ZAxis">
            <SubindexedValue subindex="0" value="0" />
          </SubindexedValues>
        </PVStateValue>
      </PVStateShard>
    </Frame>
    <Frame relativeTime="0.9366882" absoluteTime="1.42668819999998" index="4" parameterSet="CurrentSettings">
      <File channel="1" channelName="Ch1" relativeTime="1.248918" absoluteTime="1.738918" page="4" filename="test-single image-z-stack-001_Cycle00001_Ch1_000001.ome.tif" />
      <File channel="2" channelName="Ch2" relativeTime="1.405032" absoluteTime="1.895032" page="4" filename="test-single image-z-stack-001_Cycle00001_Ch2_000001.ome.tif" />
      <ExtraParameters lastGoodFrame="0" />
      <PVStateShard>
        <PVStateValue key="framePeriod" value="0.3122294" />
        <PVStateValue key="positionCurrent">
          <SubindexedValues index="XAxis">
            <SubindexedValue subindex="0" value="-20260.3" />
          </SubindexedValues>
          <SubindexedValues index="YAxis">
            <SubindexedValue subindex="0" value="-1696.7" />
          </SubindexedValues>
          <SubindexedValues index="ZAxis">
            <SubindexedValue subindex="0" value="1" />
          </SubindexedValues>
        </PVStateValue>
      </PVStateShard>
    </Frame>
    <Frame relativeTime="1.2489176" absoluteTime="1.73891759999998" index="5" parameterSet="CurrentSettings">
      <File channel="1" channelName="Ch1" relativeTime="1.561147" absoluteTime="2.051147" page="5" filename="test-single image-z-stack-001_Cycle00001_Ch1_000001.ome.tif" />
      <File channel="2" channelName="Ch2" relativeTime="1.717262" absoluteTime="2.207262" page="5" filename="test-single image-z-stack-001_Cycle00001_Ch2_000001.ome.tif" />
      <ExtraParameters lastGoodFrame="0" />
      <PVStateShard>
        <PVStateValue key="framePeriod" value="0.3122294" />
        <PVStateValue key="positionCurrent">
          <SubindexedValues index="XAxis">
            <SubindexedValue subindex="0" value="-20260.3" />
          </SubindexedValues>
          <SubindexedValues index="YAxis">
            <SubindexedValue subindex="0" value="-1696.7" />
          </SubindexedValues>
          <SubindexedValues index="ZAxis">
            <SubindexedValue subindex="0" value="2" />
          </SubindexedValues>
        </PVStateValue>
      </PVStateShard>
    </Frame>
    <Frame relativeTime="1.561147" absoluteTime="2.05114699999998" index="6" parameterSet="CurrentSettings">
      <File channel="1" channelName="Ch1" relativeTime="1.873376" absoluteTime="2.363376" page="6" filename="test-single image-z-stack-001_Cycle00001_Ch1_000001.ome.tif" />
      <File channel="2" channelName="Ch2" relativeTime="2.029491" absoluteTime="2.519491" page="6" filename="test-single image-z-stack-001_Cycle00001_Ch2_000001.ome.tif" />
      <ExtraParameters lastGoodFrame="0" />
      <PVStateShard>
        <PVStateValue key="framePeriod" value="0.3122294" />
        <PVStateValue key="positionCurrent">
          <SubindexedValues index="XAxis">
            <SubindexedValue subindex="0" value="-20260.3" />
          </SubindexedValues>
          <SubindexedValues index="YAxis">
            <SubindexedValue subindex="0" value="-1696.7" />
          </SubindexedValues>
          <SubindexedValues index="ZAxis">
            <SubindexedValue subindex="0" value="3" />
          </SubindexedValues>
        </PVStateValue>
      </PVStateShard>
    </Frame>
    <Frame relativeTime="1.8733764" absoluteTime="2.36337639999998" index="7" parameterSet="CurrentSettings">
      <File channel="1" channelName="Ch1" relativeTime="2.185606" absoluteTime="2.675606" page="7" filename="test-single image-z-stack-001_Cycle00001_Ch1_000001.ome.tif" />
      <File channel="2" channelName="Ch2" relativeTime="2.34172" absoluteTime="2.83172" page="7" filename="test-single image-z-stack-001_Cycle00001_Ch2_000001.ome.tif" />
      <ExtraParameters lastGoodFrame="0" />
      <PVStateShard>
        <PVStateValue key="framePeriod" value="0.3122294" />
        <PVStateValue key="positionCurrent">
          <SubindexedValues index="XAxis">
            <SubindexedValue subindex="0" value="-20260.3" />
          </SubindexedValues>
          <SubindexedValues index="YAxis">
            <SubindexedValue subindex="0" value="-1696.7" />
          </SubindexedValues>
          <SubindexedValues index="ZAxis">
            <SubindexedValue subindex="0" value="4" />
          </SubindexedValues>
        </PVStateValue>
      </PVStateShard>
    </Frame>
    <Frame relativeTime="2.1856058" absoluteTime="2.67560579999998" index="8" parameterSet="CurrentSettings">
      <File channel="1" channelName="Ch1" relativeTime="2.497835" absoluteTime="2.987835" page="8" filename="test-single image-z-stack-001_Cycle00001_Ch1_000001.ome.tif" />
      <File channel="2" channelName="Ch2" relativeTime="2.65395" absoluteTime="3.14395" page="8" filename="test-single image-z-stack-001_Cycle00001_Ch2_000001.ome.tif" />
      <ExtraParameters lastGoodFrame="0" />
      <PVStateShard>
        <PVStateValue key="framePeriod" value="0.3122294" />
        <PVStateValue key="positionCurrent">
          <SubindexedValues index="XAxis">
            <SubindexedValue subindex="0" value="-20260.3" />
          </SubindexedValues>
          <SubindexedValues index="YAxis">
            <SubindexedValue subindex="0" value="-1696.7" />
          </SubindexedValues>
          <SubindexedValues index="ZAxis">
            <SubindexedValue subindex="0" value="5" />
          </SubindexedValues>
        </PVStateValue>
      </PVStateShard>
    </Frame>
    <Frame relativeTime="2.4978352" absoluteTime="2.98783519999998" index="9" parameterSet="CurrentSettings">
      <File channel="1" channelName="Ch1" relativeTime="2.810065" absoluteTime="3.300065" page="9" filename="test-single image-z-stack-001_Cycle00001_Ch1_000001.ome.tif" />
      <File channel="2" channelName="Ch2" relativeTime="2.966179" absoluteTime="3.456179" page="9" filename="test-single image-z-stack-001_Cycle00001_Ch2_000001.ome.tif" />
      <ExtraParameters lastGoodFrame="0" />
      <PVStateShard>
        <PVStateValue key="framePeriod" value="0.3122294" />
        <PVStateValue key="positionCurrent">
          <SubindexedValues index="XAxis">
            <SubindexedValue subindex="0" value="-20260.3" />
          </SubindexedValues>
          <SubindexedValues index="YAxis">
            <SubindexedValue subindex="0" value="-1696.7" />
          </SubindexedValues>
          <SubindexedValues index="ZAxis">
            <SubindexedValue subindex="0" value="6" />
          </SubindexedValues>
        </PVStateValue>
      </PVStateShard>
    </Frame>
    <Frame relativeTime="2.8100646" absoluteTime="3.30006459999998" index="10" parameterSet="CurrentSettings">
      <File channel="1" channelName="Ch1" relativeTime="3.122294" absoluteTime="3.612294" page="10" filename="test-single image-z-stack-001_Cycle00001_Ch1_000001.ome.tif" />
      <File channel="2" channelName="Ch2" relativeTime="3.278409" absoluteTime="3.768409" page="10" filename="test-single image-z-stack-001_Cycle00001_Ch2_000001.ome.tif" />
      <ExtraParameters lastGoodFrame="0" />
      <PVStateShard>
        <PVStateValue key="framePeriod" value="0.3122294" />
        <PVStateValue key="positionCurrent">
          <SubindexedValues index="XAxis">
            <SubindexedValue subindex="0" value="-20260.3" />
          </SubindexedValues>
          <SubindexedValues index="YAxis">
            <SubindexedValue subindex="0" value="-1696.7" />
          </SubindexedValues>
          <SubindexedValues index="ZAxis">
            <SubindexedValue subindex="0" value="7" />
          </SubindexedValues>
        </PVStateValue>
      </PVStateShard>
    </Frame>
    <Frame relativeTime="3.122294" absoluteTime="3.61229399999998" index="11" parameterSet="CurrentSettings">
      <File channel="1" channelName="Ch1" relativeTime="3.434523" absoluteTime="3.924523" page="11" filename="test-single image-z-stack-001_Cycle00001_Ch1_000001.ome.tif" />
      <File channel="2" channelName="Ch2" relativeTime="3.590638" absoluteTime="4.080638" page="11" filename="test-single image-z-stack-001_Cycle00001_Ch2_000001.ome.tif" />
      <ExtraParameters lastGoodFrame="0" />
      <PVStateShard>
        <PVStateValue key="framePeriod" value="0.3122294" />
        <PVStateValue key="positionCurrent">
          <SubindexedValues index="XAxis">
            <SubindexedValue subindex="0" value="-20260.3" />
          </SubindexedValues>
          <SubindexedValues index="YAxis">
            <SubindexedValue subindex="0" value="-1696.7" />
          </SubindexedValues>
          <SubindexedValues index="ZAxis">
            <SubindexedValue subindex="0" value="8" />
          </SubindexedValues>
        </PVStateValue>
      </PVStateShard>
    </Frame>
    <Frame relativeTime="3.4345234" absoluteTime="3.92452339999998" index="12" parameterSet="CurrentSettings">
      <File channel="1" channelName="Ch1" relativeTime="3.746753" absoluteTime="4.236753" page="12" filename="test-single image-z-stack-001_Cycle00001_Ch1_000001.ome.tif" />
      <File channel="2" channelName="Ch2" relativeTime="3.902867" absoluteTime="4.392867" page="12" filename="test-single image-z-stack-001_Cycle00001_Ch2_000001.ome.tif" />
      <ExtraParameters lastGoodFrame="0" />
      <PVStateShard>
        <PVStateValue key="framePeriod" value="0.3122294" />
        <PVStateValue key="positionCurrent">
          <SubindexedValues index="XAxis">
            <SubindexedValue subindex="0" value="-20260.3" />
          </SubindexedValues>
          <SubindexedValues index="YAxis">
            <SubindexedValue subindex="0" value="-1696.7" />
          </SubindexedValues>
          <SubindexedValues index="ZAxis">
            <SubindexedValue subindex="0" value="9" />
          </SubindexedValues>
        </PVStateValue>
      </PVStateShard>
    </Frame>
    <Frame relativeTime="3.7467528" absoluteTime="4.23675279999998" index="13" parameterSet="CurrentSettings">
      <File channel="1" channelName="Ch1" relativeTime="4.058982" absoluteTime="4.548982" page="13" filename="test-single image-z-stack-001_Cycle00001_Ch1_000001.ome.tif" />
      <File channel="2" channelName="Ch2" relativeTime="4.215097" absoluteTime="4.705097" page="13" filename="test-single image-z-stack-001_Cycle00001_Ch2_000001.ome.tif" />
      <ExtraParameters lastGoodFrame="0" />
      <PVStateShard>
        <PVStateValue key="framePeriod" value="0.3122294" />
        <PVStateValue key="positionCurrent">
          <SubindexedValues index="XAxis">
            <SubindexedValue subindex="0" value="-20260.3" />
          </SubindexedValues>
          <SubindexedValues index="YAxis">
            <SubindexedValue subindex="0" value="-1696.7" />
          </SubindexedValues>
          <SubindexedValues index="ZAxis">
            <SubindexedValue subindex="0" value="10" />
          </SubindexedValues>
        </PVStateValue>
      </PVStateShard>
    </Frame>
    <Frame relativeTime="4.0589822" absoluteTime="4.54898219999998" index="14" parameterSet="CurrentSettings">
      <File channel="1" channelName="Ch1" relativeTime="4.371212" absoluteTime="4.861212" page="14" filename="test-single image-z-stack-001_Cycle00001_Ch1_000001.ome.tif" />
      <File channel="2" channelName="Ch2" relativeTime="4.527326" absoluteTime="5.017326" page="14" filename="test-single image-z-stack-001_Cycle00001_Ch2_000001.ome.tif" />
      <ExtraParameters lastGoodFrame="0" />
      <PVStateShard>
        <PVStateValue key="framePeriod" value="0.3122294" />
        <PVStateValue key="positionCurrent">
          <SubindexedValues index="XAxis">
            <SubindexedValue subindex="0" value="-20260.3" />
          </SubindexedValues>
          <SubindexedValues index="YAxis">
            <SubindexedValue subindex="0" value="-1696.7" />
          </SubindexedValues>
          <SubindexedValues index="ZAxis">
            <SubindexedValue subindex="0" value="11" />
          </SubindexedValues>
        </PVStateValue>
      </PVStateShard>
    </Frame>
    <Frame relativeTime="4.3712116" absoluteTime="4.86121159999998" index="15" parameterSet="CurrentSettings">
      <File channel="1" channelName="Ch1" relativeTime="4.683441" absoluteTime="5.173441" page="15" filename="test-single image-z-stack-001_Cycle00001_Ch1_000001.ome.tif" />
      <File channel="2" channelName="Ch2" relativeTime="4.839556" absoluteTime="5.329556" page="15" filename="test-single image-z-stack-001_Cycle00001_Ch2_000001.ome.tif" />
      <ExtraParameters lastGoodFrame="0" />
      <PVStateShard>
        <PVStateValue key="framePeriod" value="0.3122294" />
        <PVStateValue key="positionCurrent">
          <SubindexedValues index="XAxis">
            <SubindexedValue subindex="0" value="-20260.3" />
          </SubindexedValues>
          <SubindexedValues index="YAxis">
            <SubindexedValue subindex="0" value="-1696.7" />
          </SubindexedValues>
          <SubindexedValues index="ZAxis">
            <SubindexedValue subindex="0" value="12" />
          </SubindexedValues>
        </PVStateValue>
      </PVStateShard>
    </Frame>
    <Frame relativeTime="4.683441" absoluteTime="5.17344099999998" index="16" parameterSet="CurrentSettings">
      <File channel="1" channelName="Ch1" relativeTime="4.99567" absoluteTime="5.48567" page="16" filename="test-single image-z-stack-001_Cycle00001_Ch1_000001.ome.tif" />
      <File channel="2" channelName="Ch2" relativeTime="5.151785" absoluteTime="5.641785" page="16" filename="test-single image-z-stack-001_Cycle00001_Ch2_000001.ome.tif" />
      <ExtraParameters lastGoodFrame="0" />
      <PVStateShard>
        <PVStateValue key="framePeriod" value="0.3122294" />
      </PVStateShard>
    </Frame>
  </Sequence>
</PVScan>